35.499262, 136.912928, 2019-02-27T04:18:00.000Z
35.499262, 136.912928, 2019-02-27T04:18:01.000Z
35.499262, 136.912928, 2019-02-27T04:18:02.000Z
35.499262, 136.912928, 2019-02-27T04:18:03.000Z
35.499262, 136.912928, 2019-02-27T04:18:04.000Z
35.499262, 136.912928, 2019-02-27T04:18:05.000Z
35.499273, 136.912936, 2019-02-27T04:18:06.000Z
35.499284, 136.912928, 2019-02-27T04:18:07.000Z
35.499299, 136.912929, 2019-02-27T04:18:08.000Z
35.499317, 136.912937, 2019-02-27T04:18:09.000Z
35.499343, 136.912945, 2019-02-27T04:18:10.000Z
35.499376, 136.912938, 2019-02-27T04:18:11.000Z
35.499413, 136.912955, 2019-02-27T04:18:12.000Z
35.499457, 136.912956, 2019-02-27T04:18:13.000Z
35.499508, 136.912972, 2019-02-27T04:18:14.000Z
35.499567, 136.912974, 2019-02-27T04:18:15.000Z
35.499622, 136.912983, 2019-02-27T04:18:16.000Z
35.499688, 136.912985, 2019-02-27T04:18:17.000Z
35.499758, 136.912994, 2019-02-27T04:18:18.000Z
35.513319, 136.914642, 2019-02-27T04:19:56.000Z
35.513378, 136.914643, 2019-02-27T04:19:57.000Z
35.513433, 136.914652, 2019-02-27T04:19:58.000Z
35.513477, 136.914654, 2019-02-27T04:19:59.000Z
35.513514, 136.914655, 2019-02-27T04:20:00.000Z
35.513540, 136.914663, 2019-02-27T04:20:01.000Z
35.513562, 136.914664, 2019-02-27T04:20:02.000Z
35.513577, 136.914664, 2019-02-27T04:20:03.000Z
35.513588, 136.914672, 2019-02-27T04:20:04.000Z
35.513602, 136.914673, 2019-02-27T04:20:05.000Z
35.513870, 136.914719, 2019-02-27T04:20:42.000Z
35.513925, 136.914728, 2019-02-27T04:20:43.000Z
35.513980, 136.914737, 2019-02-27T04:20:44.000Z
35.514036, 136.914746, 2019-02-27T04:20:45.000Z
35.514094, 136.914748, 2019-02-27T04:20:46.000Z
35.514160, 136.914765, 2019-02-27T04:20:47.000Z
35.514227, 136.914766, 2019-02-27T04:20:48.000Z
35.514296, 136.914776, 2019-02-27T04:20:49.000Z
35.526107, 136.916058, 2019-02-27T04:22:27.000Z
35.526186, 136.915990, 2019-02-27T04:22:28.000Z
35.526253, 136.915929, 2019-02-27T04:22:29.000Z
35.526320, 136.915868, 2019-02-27T04:22:30.000Z
35.526376, 136.915815, 2019-02-27T04:22:31.000Z
35.526432, 136.915777, 2019-02-27T04:22:32.000Z
35.526481, 136.915724, 2019-02-27T04:22:33.000Z
35.526525, 136.915694, 2019-02-27T04:22:34.000Z
35.526563, 136.915664, 2019-02-27T04:22:35.000Z
35.526596, 136.915641, 2019-02-27T04:22:36.000Z
35.526618, 136.915626, 2019-02-27T04:22:37.000Z
35.526633, 136.915611, 2019-02-27T04:22:38.000Z
35.526637, 136.915603, 2019-02-27T04:22:39.000Z
35.526637, 136.915603, 2019-02-27T04:22:40.000Z
35.526648, 136.915596, 2019-02-27T04:22:41.000Z
35.526645, 136.915588, 2019-02-27T04:22:42.000Z
35.526645, 136.915588, 2019-02-27T04:22:43.000Z
35.526649, 136.915580, 2019-02-27T04:22:44.000Z
35.526649, 136.915580, 2019-02-27T04:22:45.000Z
35.526649, 136.915580, 2019-02-27T04:22:46.000Z
35.526649, 136.915580, 2019-02-27T04:22:47.000Z
35.526649, 136.915580, 2019-02-27T04:22:48.000Z
35.526649, 136.915580, 2019-02-27T04:22:49.000Z
35.526649, 136.915580, 2019-02-27T04:22:50.000Z
35.526653, 136.915573, 2019-02-27T04:22:51.000Z
35.526653, 136.915573, 2019-02-27T04:22:52.000Z
35.526653, 136.915573, 2019-02-27T04:22:53.000Z
35.526653, 136.915573, 2019-02-27T04:22:54.000Z
35.526653, 136.915573, 2019-02-27T04:22:55.000Z
35.526653, 136.915573, 2019-02-27T04:22:56.000Z
35.526653, 136.915573, 2019-02-27T04:22:57.000Z
35.526653, 136.915573, 2019-02-27T04:22:58.000Z
35.526653, 136.915573, 2019-02-27T04:22:59.000Z
35.526653, 136.915573, 2019-02-27T04:23:00.000Z
35.526653, 136.915573, 2019-02-27T04:23:01.000Z
35.526653, 136.915573, 2019-02-27T04:23:02.000Z
35.526653, 136.915573, 2019-02-27T04:23:03.000Z
35.526653, 136.915573, 2019-02-27T04:23:04.000Z
35.526653, 136.915573, 2019-02-27T04:23:05.000Z
35.526653, 136.915573, 2019-02-27T04:23:06.000Z
35.526656, 136.915565, 2019-02-27T04:23:07.000Z
35.526656, 136.915565, 2019-02-27T04:23:08.000Z
35.526656, 136.915565, 2019-02-27T04:23:09.000Z
35.526656, 136.915565, 2019-02-27T04:23:10.000Z
35.526649, 136.915565, 2019-02-27T04:23:11.000Z
35.526649, 136.915565, 2019-02-27T04:23:12.000Z
35.526642, 136.915565, 2019-02-27T04:23:13.000Z
35.526642, 136.915565, 2019-02-27T04:23:14.000Z
35.526634, 136.915581, 2019-02-27T04:23:15.000Z
35.526627, 136.915581, 2019-02-27T04:23:16.000Z
35.526627, 136.915581, 2019-02-27T04:23:17.000Z
35.526619, 136.915581, 2019-02-27T04:23:18.000Z
35.526616, 136.915588, 2019-02-27T04:23:19.000Z
35.526616, 136.915588, 2019-02-27T04:23:20.000Z
35.526616, 136.915588, 2019-02-27T04:23:21.000Z
35.526616, 136.915588, 2019-02-27T04:23:22.000Z
35.526619, 136.915581, 2019-02-27T04:23:23.000Z
35.526631, 136.915573, 2019-02-27T04:23:24.000Z
35.526649, 136.915550, 2019-02-27T04:23:25.000Z
35.526672, 136.915535, 2019-02-27T04:23:26.000Z
35.526698, 136.915513, 2019-02-27T04:23:27.000Z
35.526728, 136.915482, 2019-02-27T04:23:28.000Z
35.526761, 136.915459, 2019-02-27T04:23:29.000Z
35.526798, 136.915429, 2019-02-27T04:23:30.000Z
35.526840, 136.915391, 2019-02-27T04:23:31.000Z
35.526884, 136.915361, 2019-02-27T04:23:32.000Z
35.526929, 136.915315, 2019-02-27T04:23:33.000Z
35.526974, 136.915269, 2019-02-27T04:23:34.000Z
35.527030, 136.915232, 2019-02-27T04:23:35.000Z
35.527086, 136.915179, 2019-02-27T04:23:36.000Z
35.527142, 136.915125, 2019-02-27T04:23:37.000Z
35.527209, 136.915080, 2019-02-27T04:23:38.000Z
35.527272, 136.915027, 2019-02-27T04:23:39.000Z
35.527339, 136.914966, 2019-02-27T04:23:40.000Z
35.527410, 136.914913, 2019-02-27T04:23:41.000Z
35.527477, 136.914853, 2019-02-27T04:23:42.000Z
35.527552, 136.914792, 2019-02-27T04:23:43.000Z
35.527634, 136.914732, 2019-02-27T04:23:44.000Z
35.527708, 136.914671, 2019-02-27T04:23:45.000Z
35.527787, 136.914603, 2019-02-27T04:23:46.000Z
35.527865, 136.914534, 2019-02-27T04:23:47.000Z
35.539298, 136.915125, 2019-02-27T04:25:13.000Z
35.539355, 136.915189, 2019-02-27T04:25:14.000Z
35.539413, 136.915253, 2019-02-27T04:25:15.000Z
35.539460, 136.915308, 2019-02-27T04:25:16.000Z
35.539496, 136.915356, 2019-02-27T04:25:17.000Z
35.539529, 136.915396, 2019-02-27T04:25:18.000Z
35.539554, 136.915420, 2019-02-27T04:25:19.000Z
35.539572, 136.915443, 2019-02-27T04:25:20.000Z
35.539572, 136.915443, 2019-02-27T04:25:21.000Z
35.539572, 136.915443, 2019-02-27T04:25:22.000Z
35.539576, 136.915451, 2019-02-27T04:25:23.000Z
35.539576, 136.915451, 2019-02-27T04:25:24.000Z
35.539576, 136.915451, 2019-02-27T04:25:25.000Z
35.539576, 136.915451, 2019-02-27T04:25:26.000Z
35.539576, 136.915451, 2019-02-27T04:25:27.000Z
35.539576, 136.915451, 2019-02-27T04:25:28.000Z
35.539580, 136.915444, 2019-02-27T04:25:29.000Z
35.539580, 136.915444, 2019-02-27T04:25:30.000Z
35.539580, 136.915444, 2019-02-27T04:25:31.000Z
35.539580, 136.915444, 2019-02-27T04:25:32.000Z
35.539580, 136.915444, 2019-02-27T04:25:33.000Z
35.539580, 136.915444, 2019-02-27T04:25:34.000Z
35.539580, 136.915444, 2019-02-27T04:25:35.000Z
35.539580, 136.915444, 2019-02-27T04:25:36.000Z
35.539580, 136.915444, 2019-02-27T04:25:37.000Z
35.539580, 136.915444, 2019-02-27T04:25:38.000Z
35.539580, 136.915444, 2019-02-27T04:25:39.000Z
35.539580, 136.915444, 2019-02-27T04:25:40.000Z
35.539580, 136.915444, 2019-02-27T04:25:41.000Z
35.539580, 136.915444, 2019-02-27T04:25:42.000Z
35.539580, 136.915444, 2019-02-27T04:25:43.000Z
35.539580, 136.915444, 2019-02-27T04:25:44.000Z
35.539580, 136.915444, 2019-02-27T04:25:45.000Z
35.539580, 136.915444, 2019-02-27T04:25:46.000Z
35.539580, 136.915444, 2019-02-27T04:25:47.000Z
35.539587, 136.915444, 2019-02-27T04:25:48.000Z
35.539587, 136.915444, 2019-02-27T04:25:49.000Z
35.539587, 136.915444, 2019-02-27T04:25:50.000Z
35.539587, 136.915444, 2019-02-27T04:25:51.000Z
35.539587, 136.915444, 2019-02-27T04:25:52.000Z
35.539587, 136.915444, 2019-02-27T04:25:53.000Z
35.539587, 136.915444, 2019-02-27T04:25:54.000Z
35.539587, 136.915444, 2019-02-27T04:25:55.000Z
35.539587, 136.915444, 2019-02-27T04:25:56.000Z
35.539587, 136.915444, 2019-02-27T04:25:57.000Z
35.539587, 136.915444, 2019-02-27T04:25:58.000Z
35.539587, 136.915444, 2019-02-27T04:25:59.000Z
35.539587, 136.915444, 2019-02-27T04:26:00.000Z
35.539587, 136.915444, 2019-02-27T04:26:01.000Z
35.539587, 136.915444, 2019-02-27T04:26:02.000Z
35.539587, 136.915444, 2019-02-27T04:26:03.000Z
35.539587, 136.915444, 2019-02-27T04:26:04.000Z
35.539587, 136.915444, 2019-02-27T04:26:05.000Z
35.539587, 136.915444, 2019-02-27T04:26:06.000Z
35.539587, 136.915444, 2019-02-27T04:26:07.000Z
35.539587, 136.915444, 2019-02-27T04:26:08.000Z
35.539587, 136.915444, 2019-02-27T04:26:09.000Z
35.539587, 136.915444, 2019-02-27T04:26:10.000Z
35.539587, 136.915444, 2019-02-27T04:26:11.000Z
35.539587, 136.915444, 2019-02-27T04:26:12.000Z
35.539594, 136.915460, 2019-02-27T04:26:13.000Z
35.539605, 136.915468, 2019-02-27T04:26:14.000Z
35.539619, 136.915484, 2019-02-27T04:26:15.000Z
35.539637, 136.915507, 2019-02-27T04:26:16.000Z
35.539659, 136.915523, 2019-02-27T04:26:17.000Z
35.539681, 136.915555, 2019-02-27T04:26:18.000Z
35.539713, 136.915595, 2019-02-27T04:26:19.000Z
35.539735, 136.915627, 2019-02-27T04:26:20.000Z
35.539771, 136.915674, 2019-02-27T04:26:21.000Z
35.539811, 136.915714, 2019-02-27T04:26:22.000Z
35.539847, 136.915762, 2019-02-27T04:26:23.000Z
35.539890, 136.915810, 2019-02-27T04:26:24.000Z
35.539934, 136.915858, 2019-02-27T04:26:25.000Z
35.539973, 136.915913, 2019-02-27T04:26:26.000Z
35.540028, 136.915969, 2019-02-27T04:26:27.000Z
35.540082, 136.916040, 2019-02-27T04:26:28.000Z
35.540132, 136.916104, 2019-02-27T04:26:29.000Z
35.540190, 136.916167, 2019-02-27T04:26:30.000Z
35.540251, 136.916239, 2019-02-27T04:26:31.000Z
35.540313, 136.916310, 2019-02-27T04:26:32.000Z
35.540382, 136.916382, 2019-02-27T04:26:33.000Z
35.540436, 136.916454, 2019-02-27T04:26:34.000Z
35.540501, 136.916518, 2019-02-27T04:26:35.000Z
35.540562, 136.916589, 2019-02-27T04:26:36.000Z
35.540616, 136.916661, 2019-02-27T04:26:37.000Z
35.540682, 136.916724, 2019-02-27T04:26:38.000Z
35.540736, 136.916796, 2019-02-27T04:26:39.000Z
35.540794, 136.916860, 2019-02-27T04:26:40.000Z
35.540859, 136.916924, 2019-02-27T04:26:41.000Z
35.540924, 136.916988, 2019-02-27T04:26:42.000Z
35.540982, 136.917051, 2019-02-27T04:26:43.000Z
35.541054, 136.917115, 2019-02-27T04:26:44.000Z
35.541123, 136.917172, 2019-02-27T04:26:45.000Z
35.541200, 136.917244, 2019-02-27T04:26:46.000Z
35.541276, 136.917300, 2019-02-27T04:26:47.000Z
35.541356, 136.917365, 2019-02-27T04:26:48.000Z
35.541443, 136.917429, 2019-02-27T04:26:49.000Z
35.541534, 136.917486, 2019-02-27T04:26:50.000Z
35.541724, 136.917615, 2019-02-27T04:26:52.000Z
35.541815, 136.917672, 2019-02-27T04:26:53.000Z
35.545776, 136.918321, 2019-02-27T04:27:25.000Z
35.545875, 136.918315, 2019-02-27T04:27:26.000Z
35.545956, 136.918317, 2019-02-27T04:27:27.000Z
35.546037, 136.918319, 2019-02-27T04:27:28.000Z
35.546118, 136.918322, 2019-02-27T04:27:29.000Z
35.546199, 136.918308, 2019-02-27T04:27:30.000Z
35.546277, 136.918302, 2019-02-27T04:27:31.000Z
35.546346, 136.918312, 2019-02-27T04:27:32.000Z
35.546413, 136.918313, 2019-02-27T04:27:33.000Z
35.546490, 136.918307, 2019-02-27T04:27:34.000Z
35.546560, 136.918317, 2019-02-27T04:27:35.000Z
35.546637, 136.918311, 2019-02-27T04:27:36.000Z
35.546714, 136.918305, 2019-02-27T04:27:37.000Z
35.546795, 136.918307, 2019-02-27T04:27:38.000Z
35.546880, 136.918301, 2019-02-27T04:27:39.000Z
35.546972, 136.918296, 2019-02-27T04:27:40.000Z
35.547057, 136.918290, 2019-02-27T04:27:41.000Z
35.547145, 136.918292, 2019-02-27T04:27:42.000Z
35.547245, 136.918286, 2019-02-27T04:27:43.000Z
35.547333, 136.918288, 2019-02-27T04:27:44.000Z
35.547422, 136.918275, 2019-02-27T04:27:45.000Z
35.547510, 136.918277, 2019-02-27T04:27:46.000Z
35.547598, 136.918279, 2019-02-27T04:27:47.000Z
35.547675, 136.918273, 2019-02-27T04:27:48.000Z
35.547760, 136.918267, 2019-02-27T04:27:49.000Z
35.547838, 136.918261, 2019-02-27T04:27:50.000Z
35.547915, 136.918240, 2019-02-27T04:27:51.000Z
35.548000, 136.918234, 2019-02-27T04:27:52.000Z
35.548077, 136.918228, 2019-02-27T04:27:53.000Z
35.548159, 136.918214, 2019-02-27T04:27:54.000Z
35.548243, 136.918208, 2019-02-27T04:27:55.000Z
35.548317, 136.918194, 2019-02-27T04:27:56.000Z
35.548391, 136.918180, 2019-02-27T04:27:57.000Z
35.548457, 136.918166, 2019-02-27T04:27:58.000Z
35.548524, 136.918152, 2019-02-27T04:27:59.000Z
35.548590, 136.918138, 2019-02-27T04:28:00.000Z
35.548649, 136.918140, 2019-02-27T04:28:01.000Z
35.548701, 136.918141, 2019-02-27T04:28:02.000Z
35.548745, 136.918142, 2019-02-27T04:28:03.000Z
35.548782, 136.918143, 2019-02-27T04:28:04.000Z
35.548804, 136.918143, 2019-02-27T04:28:05.000Z
35.548837, 136.918136, 2019-02-27T04:28:06.000Z
35.548844, 136.918136, 2019-02-27T04:28:07.000Z
35.548855, 136.918129, 2019-02-27T04:28:08.000Z
35.548863, 136.918129, 2019-02-27T04:28:09.000Z
35.548866, 136.918137, 2019-02-27T04:28:10.000Z
35.548866, 136.918137, 2019-02-27T04:28:11.000Z
35.548863, 136.918129, 2019-02-27T04:28:12.000Z
35.548863, 136.918129, 2019-02-27T04:28:13.000Z
35.548863, 136.918129, 2019-02-27T04:28:14.000Z
35.548863, 136.918129, 2019-02-27T04:28:15.000Z
35.548863, 136.918129, 2019-02-27T04:28:16.000Z
35.548863, 136.918129, 2019-02-27T04:28:17.000Z
35.548863, 136.918129, 2019-02-27T04:28:18.000Z
35.548870, 136.918129, 2019-02-27T04:28:19.000Z
35.548870, 136.918129, 2019-02-27T04:28:20.000Z
35.548870, 136.918129, 2019-02-27T04:28:21.000Z
35.548870, 136.918129, 2019-02-27T04:28:22.000Z
35.548870, 136.918129, 2019-02-27T04:28:23.000Z
35.548870, 136.918129, 2019-02-27T04:28:24.000Z
35.548870, 136.918129, 2019-02-27T04:28:25.000Z
35.548870, 136.918129, 2019-02-27T04:28:26.000Z
35.548870, 136.918129, 2019-02-27T04:28:27.000Z
35.548870, 136.918129, 2019-02-27T04:28:28.000Z
35.548870, 136.918129, 2019-02-27T04:28:29.000Z
35.548870, 136.918129, 2019-02-27T04:28:30.000Z
35.548870, 136.918129, 2019-02-27T04:28:31.000Z
35.548870, 136.918129, 2019-02-27T04:28:32.000Z
35.548870, 136.918129, 2019-02-27T04:28:33.000Z
35.548870, 136.918129, 2019-02-27T04:28:34.000Z
35.548870, 136.918129, 2019-02-27T04:28:35.000Z
35.548870, 136.918129, 2019-02-27T04:28:36.000Z
35.548870, 136.918129, 2019-02-27T04:28:37.000Z
35.548870, 136.918129, 2019-02-27T04:28:38.000Z
35.548870, 136.918129, 2019-02-27T04:28:39.000Z
35.548870, 136.918129, 2019-02-27T04:28:40.000Z
35.548870, 136.918129, 2019-02-27T04:28:41.000Z
35.548870, 136.918129, 2019-02-27T04:28:42.000Z
35.548870, 136.918129, 2019-02-27T04:28:43.000Z
35.548870, 136.918129, 2019-02-27T04:28:44.000Z
35.548870, 136.918129, 2019-02-27T04:28:45.000Z
35.548881, 136.918137, 2019-02-27T04:28:46.000Z
35.548888, 136.918137, 2019-02-27T04:28:47.000Z
35.548899, 136.918129, 2019-02-27T04:28:48.000Z
35.548921, 136.918130, 2019-02-27T04:28:49.000Z
35.548955, 136.918123, 2019-02-27T04:28:50.000Z
35.548988, 136.918131, 2019-02-27T04:28:51.000Z
35.549021, 136.918124, 2019-02-27T04:28:52.000Z
35.549058, 136.918125, 2019-02-27T04:28:53.000Z
35.549102, 136.918127, 2019-02-27T04:28:54.000Z
35.549146, 136.918128, 2019-02-27T04:28:55.000Z
35.549205, 136.918129, 2019-02-27T04:28:56.000Z
35.549260, 136.918123, 2019-02-27T04:28:57.000Z
35.549319, 136.918124, 2019-02-27T04:28:58.000Z
35.549382, 136.918118, 2019-02-27T04:28:59.000Z
35.549448, 136.918120, 2019-02-27T04:29:00.000Z
35.549526, 136.918098, 2019-02-27T04:29:01.000Z
35.549614, 136.918085, 2019-02-27T04:29:02.000Z
35.567039, 136.919556, 2019-02-27T04:31:15.000Z
35.567130, 136.919613, 2019-02-27T04:31:16.000Z
35.567218, 136.919662, 2019-02-27T04:31:17.000Z
35.567564, 136.919897, 2019-02-27T04:31:21.000Z
35.567640, 136.919954, 2019-02-27T04:31:22.000Z
35.567720, 136.920018, 2019-02-27T04:31:23.000Z
35.567789, 136.920090, 2019-02-27T04:31:24.000Z
35.567865, 136.920162, 2019-02-27T04:31:25.000Z
35.567934, 136.920234, 2019-02-27T04:31:26.000Z
35.567999, 136.920314, 2019-02-27T04:31:27.000Z
35.568133, 136.920465, 2019-02-27T04:31:29.000Z
35.568194, 136.920537, 2019-02-27T04:31:30.000Z
35.568248, 136.920624, 2019-02-27T04:31:31.000Z
35.568306, 136.920704, 2019-02-27T04:31:32.000Z
35.568349, 136.920783, 2019-02-27T04:31:33.000Z
35.568395, 136.920870, 2019-02-27T04:31:34.000Z
35.568445, 136.920949, 2019-02-27T04:31:35.000Z
35.568492, 136.921036, 2019-02-27T04:31:36.000Z
35.568531, 136.921123, 2019-02-27T04:31:37.000Z
35.568574, 136.921202, 2019-02-27T04:31:38.000Z
35.568606, 136.921288, 2019-02-27T04:31:39.000Z
35.568637, 136.921375, 2019-02-27T04:31:40.000Z
35.568662, 136.921461, 2019-02-27T04:31:41.000Z
35.568690, 136.921540, 2019-02-27T04:31:42.000Z
35.568715, 136.921611, 2019-02-27T04:31:43.000Z
35.568736, 136.921674, 2019-02-27T04:31:44.000Z
35.568753, 136.921744, 2019-02-27T04:31:45.000Z
35.568767, 136.921807, 2019-02-27T04:31:46.000Z
35.568773, 136.921869, 2019-02-27T04:31:47.000Z
35.568783, 136.921924, 2019-02-27T04:31:48.000Z
35.568793, 136.921979, 2019-02-27T04:31:49.000Z
35.568804, 136.922018, 2019-02-27T04:31:50.000Z
35.568814, 136.922073, 2019-02-27T04:31:51.000Z
35.568824, 136.922128, 2019-02-27T04:31:52.000Z
35.568831, 136.922175, 2019-02-27T04:31:53.000Z
35.568834, 136.922214, 2019-02-27T04:31:54.000Z
35.568840, 136.922261, 2019-02-27T04:31:55.000Z
35.568850, 136.922316, 2019-02-27T04:31:56.000Z
35.568850, 136.922362, 2019-02-27T04:31:57.000Z
35.568853, 136.922402, 2019-02-27T04:31:58.000Z
35.568852, 136.922448, 2019-02-27T04:31:59.000Z
35.568851, 136.922495, 2019-02-27T04:32:00.000Z
35.568854, 136.922534, 2019-02-27T04:32:01.000Z
35.568854, 136.922581, 2019-02-27T04:32:02.000Z
35.568857, 136.922620, 2019-02-27T04:32:03.000Z
35.568856, 136.922652, 2019-02-27T04:32:04.000Z
35.568867, 136.922691, 2019-02-27T04:32:05.000Z
35.568866, 136.922738, 2019-02-27T04:32:06.000Z
35.568865, 136.922769, 2019-02-27T04:32:07.000Z
35.568869, 136.922808, 2019-02-27T04:32:08.000Z
35.568868, 136.922839, 2019-02-27T04:32:09.000Z
35.568878, 136.922878, 2019-02-27T04:32:10.000Z
35.568878, 136.922910, 2019-02-27T04:32:11.000Z
35.568870, 136.922956, 2019-02-27T04:32:12.000Z
35.568873, 136.922996, 2019-02-27T04:32:13.000Z
35.568872, 136.923042, 2019-02-27T04:32:14.000Z
35.568868, 136.923097, 2019-02-27T04:32:15.000Z
35.568867, 136.923159, 2019-02-27T04:32:16.000Z
35.568858, 136.923221, 2019-02-27T04:32:17.000Z
35.568857, 136.923284, 2019-02-27T04:32:18.000Z
35.568849, 136.923346, 2019-02-27T04:32:19.000Z
35.568837, 136.923416, 2019-02-27T04:32:20.000Z
35.568817, 136.923486, 2019-02-27T04:32:21.000Z
35.568801, 136.923563, 2019-02-27T04:32:22.000Z
35.568785, 136.923641, 2019-02-27T04:32:23.000Z
35.568766, 136.923727, 2019-02-27T04:32:24.000Z
35.568746, 136.923828, 2019-02-27T04:32:25.000Z
35.568733, 136.923913, 2019-02-27T04:32:26.000Z
35.568709, 136.924022, 2019-02-27T04:32:27.000Z
35.568690, 136.924123, 2019-02-27T04:32:28.000Z
35.568677, 136.924224, 2019-02-27T04:32:29.000Z
35.568668, 136.924333, 2019-02-27T04:32:30.000Z
35.568666, 136.924443, 2019-02-27T04:32:31.000Z
35.568661, 136.924560, 2019-02-27T04:32:32.000Z
35.568648, 136.924676, 2019-02-27T04:32:33.000Z
35.568649, 136.924794, 2019-02-27T04:32:34.000Z
35.568662, 136.924919, 2019-02-27T04:32:35.000Z
35.568668, 136.925044, 2019-02-27T04:32:36.000Z
35.568666, 136.925169, 2019-02-27T04:32:37.000Z
35.568667, 136.925302, 2019-02-27T04:32:38.000Z
35.568680, 136.925427, 2019-02-27T04:32:39.000Z
35.568613, 136.926393, 2019-02-27T04:32:46.000Z
35.568579, 136.926704, 2019-02-27T04:32:48.000Z
35.568580, 136.926868, 2019-02-27T04:32:49.000Z
35.568577, 136.927024, 2019-02-27T04:32:50.000Z
35.568691, 136.928214, 2019-02-27T04:32:57.000Z
35.568725, 136.928402, 2019-02-27T04:32:58.000Z
35.568759, 136.928575, 2019-02-27T04:32:59.000Z
35.570336, 136.930798, 2019-02-27T04:33:18.000Z
35.570605, 136.931008, 2019-02-27T04:33:21.000Z
35.570692, 136.931073, 2019-02-27T04:33:22.000Z
35.570780, 136.931122, 2019-02-27T04:33:23.000Z
35.570856, 136.931178, 2019-02-27T04:33:24.000Z
35.570925, 136.931219, 2019-02-27T04:33:25.000Z
35.570991, 136.931252, 2019-02-27T04:33:26.000Z
35.571053, 136.931292, 2019-02-27T04:33:27.000Z
35.571100, 136.931317, 2019-02-27T04:33:28.000Z
35.571144, 136.931349, 2019-02-27T04:33:29.000Z
35.571188, 136.931366, 2019-02-27T04:33:30.000Z
35.571221, 136.931390, 2019-02-27T04:33:31.000Z
35.571254, 136.931398, 2019-02-27T04:33:32.000Z
35.571272, 136.931406, 2019-02-27T04:33:33.000Z
35.571286, 136.931423, 2019-02-27T04:33:34.000Z
35.571294, 136.931423, 2019-02-27T04:33:35.000Z
35.571305, 136.931431, 2019-02-27T04:33:36.000Z
35.571305, 136.931431, 2019-02-27T04:33:37.000Z
35.571308, 136.931438, 2019-02-27T04:33:38.000Z
35.571308, 136.931438, 2019-02-27T04:33:39.000Z
35.571308, 136.931438, 2019-02-27T04:33:40.000Z
35.571304, 136.931446, 2019-02-27T04:33:41.000Z
35.571304, 136.931446, 2019-02-27T04:33:42.000Z
35.571300, 136.931453, 2019-02-27T04:33:43.000Z
35.571300, 136.931453, 2019-02-27T04:33:44.000Z
35.571297, 136.931461, 2019-02-27T04:33:45.000Z
35.571297, 136.931461, 2019-02-27T04:33:46.000Z
35.571297, 136.931461, 2019-02-27T04:33:47.000Z
35.571293, 136.931468, 2019-02-27T04:33:48.000Z
35.571293, 136.931468, 2019-02-27T04:33:49.000Z
35.571293, 136.931468, 2019-02-27T04:33:50.000Z
35.571289, 136.931476, 2019-02-27T04:33:51.000Z
35.571285, 136.931468, 2019-02-27T04:33:52.000Z
35.571285, 136.931468, 2019-02-27T04:33:53.000Z
35.571289, 136.931475, 2019-02-27T04:33:54.000Z
35.571282, 136.931475, 2019-02-27T04:33:55.000Z
35.571282, 136.931475, 2019-02-27T04:33:56.000Z
35.571282, 136.931475, 2019-02-27T04:33:57.000Z
35.571278, 136.931483, 2019-02-27T04:33:58.000Z
35.571278, 136.931483, 2019-02-27T04:33:59.000Z
35.571278, 136.931483, 2019-02-27T04:34:00.000Z
35.571274, 136.931490, 2019-02-27T04:34:01.000Z
35.571274, 136.931490, 2019-02-27T04:34:02.000Z
35.571274, 136.931490, 2019-02-27T04:34:03.000Z
35.571270, 136.931498, 2019-02-27T04:34:04.000Z
35.571270, 136.931498, 2019-02-27T04:34:05.000Z
35.571266, 136.931490, 2019-02-27T04:34:06.000Z
35.571259, 136.931490, 2019-02-27T04:34:07.000Z
35.571259, 136.931490, 2019-02-27T04:34:08.000Z
35.571270, 136.931498, 2019-02-27T04:34:09.000Z
35.571270, 136.931498, 2019-02-27T04:34:10.000Z
35.571277, 136.931513, 2019-02-27T04:34:11.000Z
35.571288, 136.931506, 2019-02-27T04:34:12.000Z
35.571299, 136.931514, 2019-02-27T04:34:13.000Z
35.571321, 136.931530, 2019-02-27T04:34:14.000Z
35.571343, 136.931546, 2019-02-27T04:34:15.000Z
35.571372, 136.931562, 2019-02-27T04:34:16.000Z
35.571405, 136.931571, 2019-02-27T04:34:17.000Z
35.571452, 136.931596, 2019-02-27T04:34:18.000Z
35.571496, 136.931612, 2019-02-27T04:34:19.000Z
35.571551, 136.931637, 2019-02-27T04:34:20.000Z
35.571610, 136.931654, 2019-02-27T04:34:21.000Z
35.571668, 136.931671, 2019-02-27T04:34:22.000Z
35.571738, 136.931697, 2019-02-27T04:34:23.000Z
35.571808, 136.931722, 2019-02-27T04:34:24.000Z
35.571877, 136.931747, 2019-02-27T04:34:25.000Z
35.571954, 136.931772, 2019-02-27T04:34:26.000Z
35.572031, 136.931797, 2019-02-27T04:34:27.000Z
35.572111, 136.931831, 2019-02-27T04:34:28.000Z
35.572283, 136.931890, 2019-02-27T04:34:30.000Z
35.572368, 136.931915, 2019-02-27T04:34:31.000Z
35.572455, 136.931948, 2019-02-27T04:34:32.000Z
35.572540, 136.931974, 2019-02-27T04:34:33.000Z
35.572627, 136.932007, 2019-02-27T04:34:34.000Z
35.572719, 136.932033, 2019-02-27T04:34:35.000Z
35.572803, 136.932058, 2019-02-27T04:34:36.000Z
35.572891, 136.932092, 2019-02-27T04:34:37.000Z
35.572979, 136.932125, 2019-02-27T04:34:38.000Z
35.573059, 136.932158, 2019-02-27T04:34:39.000Z
35.573151, 136.932184, 2019-02-27T04:34:40.000Z
35.573235, 136.932209, 2019-02-27T04:34:41.000Z
35.573316, 136.932242, 2019-02-27T04:34:42.000Z
35.573400, 136.932268, 2019-02-27T04:34:43.000Z
35.573477, 136.932293, 2019-02-27T04:34:44.000Z
35.573554, 136.932318, 2019-02-27T04:34:45.000Z
35.573630, 136.932343, 2019-02-27T04:34:46.000Z
35.573696, 136.932376, 2019-02-27T04:34:47.000Z
35.573769, 136.932409, 2019-02-27T04:34:48.000Z
35.573835, 136.932442, 2019-02-27T04:34:49.000Z
35.573908, 136.932474, 2019-02-27T04:34:50.000Z
35.573966, 136.932507, 2019-02-27T04:34:51.000Z
35.574043, 136.932548, 2019-02-27T04:34:52.000Z
35.574105, 136.932588, 2019-02-27T04:34:53.000Z
35.574170, 136.932637, 2019-02-27T04:34:54.000Z
35.574239, 136.932693, 2019-02-27T04:34:55.000Z
35.574312, 136.932741, 2019-02-27T04:34:56.000Z
35.574366, 136.932797, 2019-02-27T04:34:57.000Z
35.574432, 136.932861, 2019-02-27T04:34:58.000Z
35.574490, 136.932925, 2019-02-27T04:34:59.000Z
35.574555, 136.932989, 2019-02-27T04:35:00.000Z
35.574612, 136.933069, 2019-02-27T04:35:01.000Z
35.574677, 136.933164, 2019-02-27T04:35:02.000Z
35.574753, 136.933251, 2019-02-27T04:35:03.000Z
35.574939, 136.933568, 2019-02-27T04:35:06.000Z
35.588018, 136.944425, 2019-02-27T04:36:55.000Z
35.588124, 136.944482, 2019-02-27T04:36:56.000Z
35.588219, 136.944532, 2019-02-27T04:36:57.000Z
35.588310, 136.944573, 2019-02-27T04:36:58.000Z
35.588390, 136.944622, 2019-02-27T04:36:59.000Z
35.588463, 136.944655, 2019-02-27T04:37:00.000Z
35.588529, 136.944688, 2019-02-27T04:37:01.000Z
35.588591, 136.944714, 2019-02-27T04:37:02.000Z
35.588635, 136.944746, 2019-02-27T04:37:03.000Z
35.588679, 136.944762, 2019-02-27T04:37:04.000Z
35.588723, 136.944779, 2019-02-27T04:37:05.000Z
35.588748, 136.944788, 2019-02-27T04:37:06.000Z
35.588774, 136.944796, 2019-02-27T04:37:07.000Z
35.588796, 136.944812, 2019-02-27T04:37:08.000Z
35.588800, 136.944805, 2019-02-27T04:37:09.000Z
35.588811, 136.944813, 2019-02-27T04:37:10.000Z
35.588814, 136.944805, 2019-02-27T04:37:11.000Z
35.588814, 136.944805, 2019-02-27T04:37:12.000Z
35.588818, 136.944798, 2019-02-27T04:37:13.000Z
35.588822, 136.944806, 2019-02-27T04:37:14.000Z
35.588822, 136.944806, 2019-02-27T04:37:15.000Z
35.588822, 136.944806, 2019-02-27T04:37:16.000Z
35.588833, 136.944798, 2019-02-27T04:37:17.000Z
35.588833, 136.944798, 2019-02-27T04:37:18.000Z
35.588833, 136.944798, 2019-02-27T04:37:19.000Z
35.588837, 136.944806, 2019-02-27T04:37:20.000Z
35.588840, 136.944799, 2019-02-27T04:37:21.000Z
35.588840, 136.944799, 2019-02-27T04:37:22.000Z
35.588840, 136.944799, 2019-02-27T04:37:23.000Z
35.588840, 136.944799, 2019-02-27T04:37:24.000Z
35.588840, 136.944799, 2019-02-27T04:37:25.000Z
35.588840, 136.944799, 2019-02-27T04:37:26.000Z
35.588855, 136.944799, 2019-02-27T04:37:27.000Z
35.588866, 136.944807, 2019-02-27T04:37:28.000Z
35.588881, 136.944808, 2019-02-27T04:37:29.000Z
35.588903, 136.944824, 2019-02-27T04:37:30.000Z
35.588928, 136.944833, 2019-02-27T04:37:31.000Z
35.588961, 136.944841, 2019-02-27T04:37:32.000Z
35.588998, 136.944858, 2019-02-27T04:37:33.000Z
35.589038, 136.944883, 2019-02-27T04:37:34.000Z
35.589082, 136.944899, 2019-02-27T04:37:35.000Z
35.589129, 136.944924, 2019-02-27T04:37:36.000Z
35.589188, 136.944941, 2019-02-27T04:37:37.000Z
35.589243, 136.944982, 2019-02-27T04:37:38.000Z
35.589301, 136.945014, 2019-02-27T04:37:39.000Z
35.589363, 136.945055, 2019-02-27T04:37:40.000Z
35.589417, 136.945096, 2019-02-27T04:37:41.000Z
35.589483, 136.945144, 2019-02-27T04:37:42.000Z
35.589552, 136.945200, 2019-02-27T04:37:43.000Z
35.589621, 136.945257, 2019-02-27T04:37:44.000Z
35.589686, 136.945321, 2019-02-27T04:37:45.000Z
35.589759, 136.945385, 2019-02-27T04:37:46.000Z
35.589839, 136.945449, 2019-02-27T04:37:47.000Z
35.589915, 136.945521, 2019-02-27T04:37:48.000Z
35.589998, 136.945609, 2019-02-27T04:37:49.000Z
35.590081, 136.945681, 2019-02-27T04:37:50.000Z
35.590168, 136.945761, 2019-02-27T04:37:51.000Z
35.590252, 136.945849, 2019-02-27T04:37:52.000Z
35.590339, 136.945929, 2019-02-27T04:37:53.000Z
35.596952, 136.945439, 2019-02-27T04:38:57.000Z
35.596975, 136.945378, 2019-02-27T04:38:58.000Z
35.596994, 136.945308, 2019-02-27T04:38:59.000Z
35.597014, 136.945238, 2019-02-27T04:39:00.000Z
35.597044, 136.945176, 2019-02-27T04:39:01.000Z
35.597071, 136.945106, 2019-02-27T04:39:02.000Z
35.597098, 136.945052, 2019-02-27T04:39:03.000Z
35.597132, 136.944982, 2019-02-27T04:39:04.000Z
35.597155, 136.944919, 2019-02-27T04:39:05.000Z
35.597174, 136.944849, 2019-02-27T04:39:06.000Z
35.597197, 136.944788, 2019-02-27T04:39:07.000Z
35.597209, 136.944733, 2019-02-27T04:39:08.000Z
35.597232, 136.944672, 2019-02-27T04:39:09.000Z
35.597263, 136.944611, 2019-02-27T04:39:10.000Z
35.597301, 136.944550, 2019-02-27T04:39:11.000Z
35.597335, 136.944498, 2019-02-27T04:39:12.000Z
35.597373, 136.944452, 2019-02-27T04:39:13.000Z
35.597411, 136.944392, 2019-02-27T04:39:14.000Z
35.597434, 136.944330, 2019-02-27T04:39:15.000Z
35.597468, 136.944261, 2019-02-27T04:39:16.000Z
35.597510, 136.944193, 2019-02-27T04:39:17.000Z
35.597548, 136.944116, 2019-02-27T04:39:18.000Z
35.597597, 136.944031, 2019-02-27T04:39:19.000Z
35.597635, 136.943954, 2019-02-27T04:39:20.000Z
35.597684, 136.943885, 2019-02-27T04:39:21.000Z
35.597733, 136.943801, 2019-02-27T04:39:22.000Z
35.597783, 136.943716, 2019-02-27T04:39:23.000Z
35.597832, 136.943616, 2019-02-27T04:39:24.000Z
35.597889, 136.943532, 2019-02-27T04:39:25.000Z
35.597945, 136.943432, 2019-02-27T04:39:26.000Z
35.597998, 136.943339, 2019-02-27T04:39:27.000Z
35.598062, 136.943255, 2019-02-27T04:39:28.000Z
35.598119, 136.943155, 2019-02-27T04:39:29.000Z
35.598183, 136.943070, 2019-02-27T04:39:30.000Z
35.598236, 136.942978, 2019-02-27T04:39:31.000Z
35.598296, 136.942886, 2019-02-27T04:39:32.000Z
35.598349, 136.942793, 2019-02-27T04:39:33.000Z
35.598402, 136.942701, 2019-02-27T04:39:34.000Z
35.598459, 136.942616, 2019-02-27T04:39:35.000Z
35.598508, 136.942532, 2019-02-27T04:39:36.000Z
35.598561, 136.942455, 2019-02-27T04:39:37.000Z
35.598606, 136.942378, 2019-02-27T04:39:38.000Z
35.598651, 136.942317, 2019-02-27T04:39:39.000Z
35.598697, 136.942255, 2019-02-27T04:39:40.000Z
35.598734, 136.942194, 2019-02-27T04:39:41.000Z
35.598768, 136.942140, 2019-02-27T04:39:42.000Z
35.598791, 136.942094, 2019-02-27T04:39:43.000Z
35.598829, 136.942048, 2019-02-27T04:39:44.000Z
35.598848, 136.942010, 2019-02-27T04:39:45.000Z
35.598859, 136.941986, 2019-02-27T04:39:46.000Z
35.598874, 136.941971, 2019-02-27T04:39:47.000Z
35.598882, 136.941956, 2019-02-27T04:39:48.000Z
35.598882, 136.941956, 2019-02-27T04:39:49.000Z
35.598882, 136.941940, 2019-02-27T04:39:50.000Z
35.598878, 136.941948, 2019-02-27T04:39:51.000Z
35.598875, 136.941940, 2019-02-27T04:39:52.000Z
35.598875, 136.941940, 2019-02-27T04:39:53.000Z
35.598875, 136.941940, 2019-02-27T04:39:54.000Z
35.598875, 136.941940, 2019-02-27T04:39:55.000Z
35.598875, 136.941940, 2019-02-27T04:39:56.000Z
35.598875, 136.941940, 2019-02-27T04:39:57.000Z
35.598871, 136.941933, 2019-02-27T04:39:58.000Z
35.598871, 136.941933, 2019-02-27T04:39:59.000Z
35.598871, 136.941933, 2019-02-27T04:40:00.000Z
35.598871, 136.941933, 2019-02-27T04:40:01.000Z
35.598871, 136.941933, 2019-02-27T04:40:02.000Z
35.598871, 136.941933, 2019-02-27T04:40:03.000Z
35.598871, 136.941933, 2019-02-27T04:40:04.000Z
35.598868, 136.941925, 2019-02-27T04:40:05.000Z
35.598868, 136.941925, 2019-02-27T04:40:06.000Z
35.598872, 136.941917, 2019-02-27T04:40:07.000Z
35.598872, 136.941917, 2019-02-27T04:40:08.000Z
35.598872, 136.941917, 2019-02-27T04:40:09.000Z
35.598872, 136.941917, 2019-02-27T04:40:10.000Z
35.598872, 136.941917, 2019-02-27T04:40:11.000Z
35.598872, 136.941917, 2019-02-27T04:40:12.000Z
35.598872, 136.941917, 2019-02-27T04:40:13.000Z
35.598875, 136.941909, 2019-02-27T04:40:14.000Z
35.598883, 136.941894, 2019-02-27T04:40:15.000Z
35.598894, 136.941871, 2019-02-27T04:40:16.000Z
35.598913, 136.941848, 2019-02-27T04:40:17.000Z
35.598932, 136.941825, 2019-02-27T04:40:18.000Z
35.598951, 136.941786, 2019-02-27T04:40:19.000Z
35.598985, 136.941748, 2019-02-27T04:40:20.000Z
35.599004, 136.941709, 2019-02-27T04:40:21.000Z
35.599030, 136.941655, 2019-02-27T04:40:22.000Z
35.599060, 136.941609, 2019-02-27T04:40:23.000Z
35.599102, 136.941539, 2019-02-27T04:40:24.000Z
35.599132, 136.941478, 2019-02-27T04:40:25.000Z
35.599178, 136.941401, 2019-02-27T04:40:26.000Z
35.599219, 136.941331, 2019-02-27T04:40:27.000Z
35.599265, 136.941254, 2019-02-27T04:40:28.000Z
35.599307, 136.941169, 2019-02-27T04:40:29.000Z
35.599359, 136.941092, 2019-02-27T04:40:30.000Z
35.599401, 136.941007, 2019-02-27T04:40:31.000Z
35.599454, 136.940915, 2019-02-27T04:40:32.000Z
35.599507, 136.940822, 2019-02-27T04:40:33.000Z
35.599564, 136.940722, 2019-02-27T04:40:34.000Z
35.599617, 136.940630, 2019-02-27T04:40:35.000Z
35.599681, 136.940530, 2019-02-27T04:40:36.000Z
35.599738, 136.940430, 2019-02-27T04:40:37.000Z
35.599805, 136.940338, 2019-02-27T04:40:38.000Z
35.599866, 136.940230, 2019-02-27T04:40:39.000Z
35.599934, 136.940122, 2019-02-27T04:40:40.000Z
35.599998, 136.940022, 2019-02-27T04:40:41.000Z
35.600063, 136.939906, 2019-02-27T04:40:42.000Z
35.600134, 136.939806, 2019-02-27T04:40:43.000Z
35.600206, 136.939690, 2019-02-27T04:40:44.000Z
35.600277, 136.939575, 2019-02-27T04:40:45.000Z
35.600428, 136.939344, 2019-02-27T04:40:47.000Z
35.602034, 136.936896, 2019-02-27T04:41:06.000Z
35.602125, 136.936758, 2019-02-27T04:41:07.000Z
35.603892, 136.936060, 2019-02-27T04:41:21.000Z
35.604042, 136.936103, 2019-02-27T04:41:22.000Z
35.604189, 136.936154, 2019-02-27T04:41:23.000Z
35.606023, 136.937861, 2019-02-27T04:41:41.000Z
35.606069, 136.937979, 2019-02-27T04:41:42.000Z
35.606115, 136.938082, 2019-02-27T04:41:43.000Z
35.606157, 136.938177, 2019-02-27T04:41:44.000Z
35.606204, 136.938264, 2019-02-27T04:41:45.000Z
35.606236, 136.938350, 2019-02-27T04:41:46.000Z
35.606268, 136.938421, 2019-02-27T04:41:47.000Z
35.606292, 136.938492, 2019-02-27T04:41:48.000Z
35.606321, 136.938555, 2019-02-27T04:41:49.000Z
35.606342, 136.938603, 2019-02-27T04:41:50.000Z
35.606352, 136.938642, 2019-02-27T04:41:51.000Z
35.606359, 136.938673, 2019-02-27T04:41:52.000Z
35.606363, 136.938681, 2019-02-27T04:41:53.000Z
35.606359, 136.938689, 2019-02-27T04:41:54.000Z
35.606359, 136.938689, 2019-02-27T04:41:55.000Z
35.606359, 136.938689, 2019-02-27T04:41:56.000Z
35.606359, 136.938704, 2019-02-27T04:41:57.000Z
35.606359, 136.938704, 2019-02-27T04:41:58.000Z
35.606359, 136.938704, 2019-02-27T04:41:59.000Z
35.606359, 136.938704, 2019-02-27T04:42:00.000Z
35.606355, 136.938712, 2019-02-27T04:42:01.000Z
35.606355, 136.938712, 2019-02-27T04:42:02.000Z
35.606355, 136.938712, 2019-02-27T04:42:03.000Z
35.606355, 136.938712, 2019-02-27T04:42:04.000Z
35.606355, 136.938712, 2019-02-27T04:42:05.000Z
35.606355, 136.938712, 2019-02-27T04:42:06.000Z
35.606351, 136.938719, 2019-02-27T04:42:07.000Z
35.606351, 136.938719, 2019-02-27T04:42:08.000Z
35.606351, 136.938719, 2019-02-27T04:42:09.000Z
35.620024, 136.945192, 2019-02-27T06:24:09.000Z
35.620024, 136.945192, 2019-02-27T06:24:10.000Z
35.620024, 136.945192, 2019-02-27T06:24:11.000Z
35.620024, 136.945192, 2019-02-27T06:24:12.000Z
35.620024, 136.945192, 2019-02-27T06:24:13.000Z
35.620024, 136.945192, 2019-02-27T06:24:14.000Z
35.620021, 136.945184, 2019-02-27T06:24:15.000Z
35.620021, 136.945184, 2019-02-27T06:24:16.000Z
35.620021, 136.945184, 2019-02-27T06:24:17.000Z
35.620017, 136.945176, 2019-02-27T06:24:18.000Z
35.620017, 136.945160, 2019-02-27T06:24:19.000Z
35.620018, 136.945129, 2019-02-27T06:24:20.000Z
35.620018, 136.945098, 2019-02-27T06:24:21.000Z
35.620008, 136.945059, 2019-02-27T06:24:22.000Z
35.620005, 136.945004, 2019-02-27T06:24:23.000Z
35.620002, 136.944949, 2019-02-27T06:24:24.000Z
35.619992, 136.944894, 2019-02-27T06:24:25.000Z
35.619982, 136.944824, 2019-02-27T06:24:26.000Z
35.619980, 136.944753, 2019-02-27T06:24:27.000Z
35.619966, 136.944675, 2019-02-27T06:24:28.000Z
35.619956, 136.944588, 2019-02-27T06:24:29.000Z
35.619932, 136.944502, 2019-02-27T06:24:30.000Z
35.619919, 136.944408, 2019-02-27T06:24:31.000Z
35.619898, 136.944314, 2019-02-27T06:24:32.000Z
35.616167, 136.940371, 2019-02-27T06:25:15.000Z
35.616038, 136.940345, 2019-02-27T06:25:16.000Z
35.615902, 136.940318, 2019-02-27T06:25:17.000Z
35.613846, 136.941580, 2019-02-27T06:25:36.000Z
35.613727, 136.941672, 2019-02-27T06:25:37.000Z
35.613611, 136.941771, 2019-02-27T06:25:38.000Z
35.613488, 136.941870, 2019-02-27T06:25:39.000Z
35.613376, 136.941977, 2019-02-27T06:25:40.000Z
35.613268, 136.942076, 2019-02-27T06:25:41.000Z
35.613141, 136.942167, 2019-02-27T06:25:42.000Z
35.613000, 136.942242, 2019-02-27T06:25:43.000Z
35.612867, 136.942318, 2019-02-27T06:25:44.000Z
35.606508, 136.938934, 2019-02-27T06:26:48.000Z
35.606458, 136.938823, 2019-02-27T06:26:50.000Z
35.606437, 136.938776, 2019-02-27T06:26:51.000Z
35.606416, 136.938729, 2019-02-27T06:26:52.000Z
35.606391, 136.938689, 2019-02-27T06:26:53.000Z
35.606376, 136.938657, 2019-02-27T06:26:54.000Z
35.606359, 136.938618, 2019-02-27T06:26:55.000Z
35.606344, 136.938586, 2019-02-27T06:26:56.000Z
35.606334, 136.938562, 2019-02-27T06:26:57.000Z
35.606323, 136.938554, 2019-02-27T06:26:58.000Z
35.606323, 136.938539, 2019-02-27T06:26:59.000Z
35.606327, 136.938531, 2019-02-27T06:27:00.000Z
35.606327, 136.938531, 2019-02-27T06:27:01.000Z
35.606327, 136.938531, 2019-02-27T06:27:02.000Z
35.606327, 136.938531, 2019-02-27T06:27:03.000Z
35.606327, 136.938531, 2019-02-27T06:27:04.000Z
35.606327, 136.938531, 2019-02-27T06:27:05.000Z
35.606327, 136.938531, 2019-02-27T06:27:06.000Z
35.606327, 136.938531, 2019-02-27T06:27:07.000Z
35.606327, 136.938531, 2019-02-27T06:27:08.000Z
35.606327, 136.938531, 2019-02-27T06:27:09.000Z
35.606327, 136.938531, 2019-02-27T06:27:10.000Z
35.606327, 136.938531, 2019-02-27T06:27:11.000Z
35.606323, 136.938539, 2019-02-27T06:27:12.000Z
35.606319, 136.938531, 2019-02-27T06:27:13.000Z
35.606309, 136.938523, 2019-02-27T06:27:14.000Z
35.606298, 136.938515, 2019-02-27T06:27:15.000Z
35.606287, 136.938491, 2019-02-27T06:27:16.000Z
35.606272, 136.938475, 2019-02-27T06:27:17.000Z
35.606255, 136.938436, 2019-02-27T06:27:18.000Z
35.606237, 136.938396, 2019-02-27T06:27:19.000Z
35.606212, 136.938356, 2019-02-27T06:27:20.000Z
35.606180, 136.938301, 2019-02-27T06:27:21.000Z
35.606147, 136.938245, 2019-02-27T06:27:22.000Z
35.605238, 136.936904, 2019-02-27T06:27:37.000Z
35.603164, 136.936324, 2019-02-27T06:27:54.000Z
35.603031, 136.936367, 2019-02-27T06:27:55.000Z
35.602898, 136.936411, 2019-02-27T06:27:56.000Z
35.602768, 136.936462, 2019-02-27T06:27:57.000Z
35.602649, 136.936522, 2019-02-27T06:27:58.000Z
35.602531, 136.936581, 2019-02-27T06:27:59.000Z
35.602415, 136.936648, 2019-02-27T06:28:00.000Z
35.601428, 136.937412, 2019-02-27T06:28:09.000Z
35.601352, 136.937567, 2019-02-27T06:28:10.000Z
35.601268, 136.937720, 2019-02-27T06:28:11.000Z
35.599973, 136.940032, 2019-02-27T06:28:29.000Z
35.599609, 136.940664, 2019-02-27T06:28:35.000Z
35.599492, 136.940856, 2019-02-27T06:28:37.000Z
35.599443, 136.940957, 2019-02-27T06:28:38.000Z
35.599386, 136.941041, 2019-02-27T06:28:39.000Z
35.599330, 136.941126, 2019-02-27T06:28:40.000Z
35.599273, 136.941211, 2019-02-27T06:28:41.000Z
35.599231, 136.941296, 2019-02-27T06:28:42.000Z
35.599190, 136.941381, 2019-02-27T06:28:43.000Z
35.599152, 136.941458, 2019-02-27T06:28:44.000Z
35.599110, 136.941527, 2019-02-27T06:28:45.000Z
35.599076, 136.941597, 2019-02-27T06:28:46.000Z
35.599034, 136.941666, 2019-02-27T06:28:47.000Z
35.599000, 136.941720, 2019-02-27T06:28:48.000Z
35.598970, 136.941766, 2019-02-27T06:28:49.000Z
35.598940, 136.941813, 2019-02-27T06:28:50.000Z
35.598910, 136.941859, 2019-02-27T06:28:51.000Z
35.598887, 136.941905, 2019-02-27T06:28:52.000Z
35.598868, 136.941944, 2019-02-27T06:28:53.000Z
35.598845, 136.941975, 2019-02-27T06:28:54.000Z
35.598841, 136.941998, 2019-02-27T06:28:55.000Z
35.598830, 136.942021, 2019-02-27T06:28:56.000Z
35.598819, 136.942029, 2019-02-27T06:28:57.000Z
35.598811, 136.942044, 2019-02-27T06:28:58.000Z
35.598815, 136.942053, 2019-02-27T06:28:59.000Z
35.598826, 136.942061, 2019-02-27T06:29:00.000Z
35.598837, 136.942069, 2019-02-27T06:29:01.000Z
35.598840, 136.942077, 2019-02-27T06:29:02.000Z
35.598848, 136.942077, 2019-02-27T06:29:03.000Z
35.598855, 136.942077, 2019-02-27T06:29:04.000Z
35.598859, 136.942085, 2019-02-27T06:29:05.000Z
35.598870, 136.942093, 2019-02-27T06:29:06.000Z
35.598870, 136.942093, 2019-02-27T06:29:07.000Z
35.598880, 136.942101, 2019-02-27T06:29:08.000Z
35.598884, 136.942109, 2019-02-27T06:29:09.000Z
35.598884, 136.942109, 2019-02-27T06:29:10.000Z
35.598899, 136.942110, 2019-02-27T06:29:11.000Z
35.598899, 136.942110, 2019-02-27T06:29:12.000Z
35.598888, 136.942118, 2019-02-27T06:29:13.000Z
35.598887, 136.942133, 2019-02-27T06:29:14.000Z
35.598869, 136.942156, 2019-02-27T06:29:15.000Z
35.598843, 136.942163, 2019-02-27T06:29:16.000Z
35.598813, 136.942194, 2019-02-27T06:29:17.000Z
35.598787, 136.942217, 2019-02-27T06:29:18.000Z
35.598756, 136.942263, 2019-02-27T06:29:19.000Z
35.598722, 136.942317, 2019-02-27T06:29:20.000Z
35.598689, 136.942370, 2019-02-27T06:29:21.000Z
35.598651, 136.942432, 2019-02-27T06:29:22.000Z
35.598616, 136.942501, 2019-02-27T06:29:23.000Z
35.598571, 136.942578, 2019-02-27T06:29:24.000Z
35.598526, 136.942655, 2019-02-27T06:29:25.000Z
35.598469, 136.942739, 2019-02-27T06:29:26.000Z
35.598416, 136.942816, 2019-02-27T06:29:27.000Z
35.598367, 136.942916, 2019-02-27T06:29:28.000Z
35.598310, 136.943001, 2019-02-27T06:29:29.000Z
35.598253, 136.943101, 2019-02-27T06:29:30.000Z
35.598186, 136.943193, 2019-02-27T06:29:31.000Z
35.598133, 136.943285, 2019-02-27T06:29:32.000Z
35.598065, 136.943377, 2019-02-27T06:29:33.000Z
35.598005, 136.943469, 2019-02-27T06:29:34.000Z
35.597952, 136.943546, 2019-02-27T06:29:35.000Z
35.597903, 136.943631, 2019-02-27T06:29:36.000Z
35.597843, 136.943708, 2019-02-27T06:29:37.000Z
35.597786, 136.943777, 2019-02-27T06:29:38.000Z
35.597737, 136.943845, 2019-02-27T06:29:39.000Z
35.597692, 136.943922, 2019-02-27T06:29:40.000Z
35.597636, 136.943991, 2019-02-27T06:29:41.000Z
35.597594, 136.944061, 2019-02-27T06:29:42.000Z
35.597545, 136.944130, 2019-02-27T06:29:43.000Z
35.597504, 136.944199, 2019-02-27T06:29:44.000Z
35.597455, 136.944268, 2019-02-27T06:29:45.000Z
35.597409, 136.944345, 2019-02-27T06:29:46.000Z
35.597368, 136.944414, 2019-02-27T06:29:47.000Z
35.597330, 136.944475, 2019-02-27T06:29:48.000Z
35.597295, 136.944545, 2019-02-27T06:29:49.000Z
35.597250, 136.944606, 2019-02-27T06:29:50.000Z
35.597227, 136.944668, 2019-02-27T06:29:51.000Z
35.597200, 136.944737, 2019-02-27T06:29:52.000Z
35.597173, 136.944807, 2019-02-27T06:29:53.000Z
35.597154, 136.944877, 2019-02-27T06:29:54.000Z
35.597131, 136.944939, 2019-02-27T06:29:55.000Z
35.597104, 136.945008, 2019-02-27T06:29:56.000Z
35.597081, 136.945085, 2019-02-27T06:29:57.000Z
35.597050, 136.945163, 2019-02-27T06:29:58.000Z
35.597027, 136.945240, 2019-02-27T06:29:59.000Z
35.596999, 136.945325, 2019-02-27T06:30:00.000Z
35.596972, 136.945411, 2019-02-27T06:30:01.000Z
35.596945, 136.945496, 2019-02-27T06:30:02.000Z
35.596914, 136.945589, 2019-02-27T06:30:03.000Z
35.596876, 136.945681, 2019-02-27T06:30:04.000Z
35.596845, 136.945774, 2019-02-27T06:30:05.000Z
35.596811, 136.945859, 2019-02-27T06:30:06.000Z
35.596772, 136.945952, 2019-02-27T06:30:07.000Z
35.596727, 136.946044, 2019-02-27T06:30:08.000Z
35.596670, 136.946113, 2019-02-27T06:30:09.000Z
35.596618, 136.946190, 2019-02-27T06:30:10.000Z
35.596568, 136.946275, 2019-02-27T06:30:11.000Z
35.596515, 136.946367, 2019-02-27T06:30:12.000Z
35.596466, 136.946452, 2019-02-27T06:30:13.000Z
35.596410, 136.946536, 2019-02-27T06:30:14.000Z
35.595000, 136.948173, 2019-02-27T06:30:33.000Z
35.594793, 136.948183, 2019-02-27T06:30:34.000Z
35.594588, 136.948163, 2019-02-27T06:30:35.000Z
35.590086, 136.945749, 2019-02-27T06:31:07.000Z
35.590013, 136.945685, 2019-02-27T06:31:08.000Z
35.589937, 136.945628, 2019-02-27T06:31:09.000Z
35.589872, 136.945564, 2019-02-27T06:31:10.000Z
35.589806, 136.945516, 2019-02-27T06:31:11.000Z
35.589741, 136.945468, 2019-02-27T06:31:12.000Z
35.589675, 136.945419, 2019-02-27T06:31:13.000Z
35.589610, 136.945371, 2019-02-27T06:31:14.000Z
35.589548, 136.945331, 2019-02-27T06:31:15.000Z
35.589483, 136.945282, 2019-02-27T06:31:16.000Z
35.589413, 136.945241, 2019-02-27T06:31:17.000Z
35.589359, 136.945201, 2019-02-27T06:31:18.000Z
35.589293, 136.945168, 2019-02-27T06:31:19.000Z
35.589238, 136.945128, 2019-02-27T06:31:20.000Z
35.589173, 136.945095, 2019-02-27T06:31:21.000Z
35.589118, 136.945070, 2019-02-27T06:31:22.000Z
35.589063, 136.945046, 2019-02-27T06:31:23.000Z
35.589020, 136.945014, 2019-02-27T06:31:24.000Z
35.588972, 136.944989, 2019-02-27T06:31:25.000Z
35.588932, 136.944965, 2019-02-27T06:31:26.000Z
35.588885, 136.944940, 2019-02-27T06:31:27.000Z
35.588841, 136.944923, 2019-02-27T06:31:28.000Z
35.588811, 136.944907, 2019-02-27T06:31:29.000Z
35.588782, 136.944890, 2019-02-27T06:31:30.000Z
35.588753, 136.944874, 2019-02-27T06:31:31.000Z
35.588742, 136.944866, 2019-02-27T06:31:32.000Z
35.588731, 136.944858, 2019-02-27T06:31:33.000Z
35.588724, 136.944858, 2019-02-27T06:31:34.000Z
35.588720, 136.944850, 2019-02-27T06:31:35.000Z
35.588720, 136.944850, 2019-02-27T06:31:36.000Z
35.588720, 136.944850, 2019-02-27T06:31:37.000Z
35.588720, 136.944850, 2019-02-27T06:31:38.000Z
35.588713, 136.944850, 2019-02-27T06:31:39.000Z
35.588713, 136.944850, 2019-02-27T06:31:40.000Z
35.588709, 136.944842, 2019-02-27T06:31:41.000Z
35.588709, 136.944842, 2019-02-27T06:31:42.000Z
35.588709, 136.944842, 2019-02-27T06:31:43.000Z
35.588709, 136.944842, 2019-02-27T06:31:44.000Z
35.588709, 136.944842, 2019-02-27T06:31:45.000Z
35.588709, 136.944842, 2019-02-27T06:31:46.000Z
35.588702, 136.944842, 2019-02-27T06:31:47.000Z
35.588688, 136.944825, 2019-02-27T06:31:48.000Z
35.588611, 136.944800, 2019-02-27T06:31:51.000Z
35.578424, 136.938795, 2019-02-27T06:33:24.000Z
35.578370, 136.938755, 2019-02-27T06:33:25.000Z
35.578308, 136.938730, 2019-02-27T06:33:26.000Z
35.578246, 136.938690, 2019-02-27T06:33:27.000Z
35.578187, 136.938657, 2019-02-27T06:33:28.000Z
35.577051, 136.937943, 2019-02-27T06:33:46.000Z
35.571459, 136.931553, 2019-02-27T06:34:51.000Z
35.571342, 136.931504, 2019-02-27T06:34:53.000Z
35.571203, 136.931455, 2019-02-27T06:34:57.000Z
35.571185, 136.931447, 2019-02-27T06:34:58.000Z
35.571177, 136.931447, 2019-02-27T06:34:59.000Z
35.571185, 136.931431, 2019-02-27T06:35:00.000Z
35.571185, 136.931431, 2019-02-27T06:35:01.000Z
35.571185, 136.931431, 2019-02-27T06:35:02.000Z
35.571185, 136.931431, 2019-02-27T06:35:03.000Z
35.571181, 136.931439, 2019-02-27T06:35:04.000Z
35.571181, 136.931439, 2019-02-27T06:35:05.000Z
35.571181, 136.931439, 2019-02-27T06:35:06.000Z
35.571181, 136.931439, 2019-02-27T06:35:07.000Z
35.571181, 136.931439, 2019-02-27T06:35:08.000Z
35.571181, 136.931439, 2019-02-27T06:35:09.000Z
35.571174, 136.931439, 2019-02-27T06:35:10.000Z
35.571174, 136.931439, 2019-02-27T06:35:11.000Z
35.571174, 136.931439, 2019-02-27T06:35:12.000Z
35.571174, 136.931439, 2019-02-27T06:35:13.000Z
35.571181, 136.931440, 2019-02-27T06:35:14.000Z
35.571174, 136.931440, 2019-02-27T06:35:15.000Z
35.571163, 136.931431, 2019-02-27T06:35:16.000Z
35.571144, 136.931439, 2019-02-27T06:35:17.000Z
35.571137, 136.931439, 2019-02-27T06:35:18.000Z
35.571115, 136.931439, 2019-02-27T06:35:19.000Z
35.571085, 136.931437, 2019-02-27T06:35:20.000Z
35.571056, 136.931421, 2019-02-27T06:35:21.000Z
35.568458, 136.927483, 2019-02-27T06:35:58.000Z
35.568409, 136.927146, 2019-02-27T06:36:00.000Z
35.568382, 136.926973, 2019-02-27T06:36:01.000Z
35.568348, 136.926801, 2019-02-27T06:36:02.000Z
35.568611, 136.925496, 2019-02-27T06:36:09.000Z
35.568618, 136.925332, 2019-02-27T06:36:10.000Z
35.568616, 136.925184, 2019-02-27T06:36:11.000Z
35.568623, 136.924310, 2019-02-27T06:36:17.000Z
35.568672, 136.923788, 2019-02-27T06:36:21.000Z
35.568696, 136.923664, 2019-02-27T06:36:22.000Z
35.568709, 136.923547, 2019-02-27T06:36:23.000Z
35.568729, 136.923430, 2019-02-27T06:36:24.000Z
35.568741, 136.923329, 2019-02-27T06:36:25.000Z
35.568758, 136.923221, 2019-02-27T06:36:26.000Z
35.568767, 136.923127, 2019-02-27T06:36:27.000Z
35.568783, 136.923050, 2019-02-27T06:36:28.000Z
35.568798, 136.922988, 2019-02-27T06:36:29.000Z
35.568810, 136.922934, 2019-02-27T06:36:30.000Z
35.568822, 136.922895, 2019-02-27T06:36:31.000Z
35.568834, 136.922856, 2019-02-27T06:36:32.000Z
35.568842, 136.922825, 2019-02-27T06:36:33.000Z
35.568849, 136.922794, 2019-02-27T06:36:34.000Z
35.568850, 136.922763, 2019-02-27T06:36:35.000Z
35.568858, 136.922732, 2019-02-27T06:36:36.000Z
35.568858, 136.922701, 2019-02-27T06:36:37.000Z
35.568855, 136.922661, 2019-02-27T06:36:38.000Z
35.568856, 136.922630, 2019-02-27T06:36:39.000Z
35.568856, 136.922583, 2019-02-27T06:36:40.000Z
35.568868, 136.922545, 2019-02-27T06:36:41.000Z
35.568876, 136.922498, 2019-02-27T06:36:42.000Z
35.568877, 136.922436, 2019-02-27T06:36:43.000Z
35.568878, 136.922389, 2019-02-27T06:36:44.000Z
35.568886, 136.922342, 2019-02-27T06:36:45.000Z
35.568887, 136.922280, 2019-02-27T06:36:46.000Z
35.568881, 136.922217, 2019-02-27T06:36:47.000Z
35.568882, 136.922154, 2019-02-27T06:36:48.000Z
35.568883, 136.922092, 2019-02-27T06:36:49.000Z
35.568869, 136.922029, 2019-02-27T06:36:50.000Z
35.568855, 136.921951, 2019-02-27T06:36:51.000Z
35.568842, 136.921872, 2019-02-27T06:36:52.000Z
35.568821, 136.921778, 2019-02-27T06:36:53.000Z
35.568801, 136.921684, 2019-02-27T06:36:54.000Z
35.568773, 136.921590, 2019-02-27T06:36:55.000Z
35.568738, 136.921479, 2019-02-27T06:36:56.000Z
35.568699, 136.921362, 2019-02-27T06:36:57.000Z
35.568653, 136.921243, 2019-02-27T06:36:58.000Z
35.568603, 136.921133, 2019-02-27T06:36:59.000Z
35.568539, 136.921006, 2019-02-27T06:37:00.000Z
35.568471, 136.920888, 2019-02-27T06:37:01.000Z
35.568403, 136.920769, 2019-02-27T06:37:02.000Z
35.568331, 136.920658, 2019-02-27T06:37:03.000Z
35.568255, 136.920555, 2019-02-27T06:37:04.000Z
35.568169, 136.920444, 2019-02-27T06:37:05.000Z
35.568071, 136.920340, 2019-02-27T06:37:06.000Z
35.567985, 136.920229, 2019-02-27T06:37:07.000Z
35.567887, 136.920141, 2019-02-27T06:37:08.000Z
35.567030, 136.919614, 2019-02-27T06:37:15.000Z
35.566891, 136.919564, 2019-02-27T06:37:16.000Z
35.550917, 136.917788, 2019-02-27T06:39:01.000Z
35.550791, 136.917816, 2019-02-27T06:39:02.000Z
35.549194, 136.918019, 2019-02-27T06:39:17.000Z
35.549132, 136.918025, 2019-02-27T06:39:18.000Z
35.549073, 136.918024, 2019-02-27T06:39:19.000Z
35.549025, 136.918030, 2019-02-27T06:39:20.000Z
35.548977, 136.918037, 2019-02-27T06:39:21.000Z
35.548947, 136.918036, 2019-02-27T06:39:22.000Z
35.548925, 136.918035, 2019-02-27T06:39:23.000Z
35.548903, 136.918035, 2019-02-27T06:39:24.000Z
35.548888, 136.918034, 2019-02-27T06:39:25.000Z
35.548881, 136.918033, 2019-02-27T06:39:26.000Z
35.548874, 136.918033, 2019-02-27T06:39:27.000Z
35.548866, 136.918033, 2019-02-27T06:39:28.000Z
35.548863, 136.918025, 2019-02-27T06:39:29.000Z
35.548863, 136.918025, 2019-02-27T06:39:30.000Z
35.548852, 136.918032, 2019-02-27T06:39:31.000Z
35.548848, 136.918024, 2019-02-27T06:39:32.000Z
35.548848, 136.918024, 2019-02-27T06:39:33.000Z
35.548844, 136.918016, 2019-02-27T06:39:34.000Z
35.548844, 136.918016, 2019-02-27T06:39:35.000Z
35.548833, 136.918024, 2019-02-27T06:39:36.000Z
35.548833, 136.918024, 2019-02-27T06:39:37.000Z
35.548830, 136.918016, 2019-02-27T06:39:38.000Z
35.548830, 136.918016, 2019-02-27T06:39:39.000Z
35.548830, 136.918016, 2019-02-27T06:39:40.000Z
35.548830, 136.918016, 2019-02-27T06:39:41.000Z
35.548830, 136.918016, 2019-02-27T06:39:42.000Z
35.548826, 136.918008, 2019-02-27T06:39:43.000Z
35.548822, 136.918015, 2019-02-27T06:39:44.000Z
35.548822, 136.918015, 2019-02-27T06:39:45.000Z
35.548822, 136.918015, 2019-02-27T06:39:46.000Z
35.548822, 136.918015, 2019-02-27T06:39:47.000Z
35.548815, 136.918015, 2019-02-27T06:39:48.000Z
35.548811, 136.918007, 2019-02-27T06:39:49.000Z
35.548811, 136.918007, 2019-02-27T06:39:50.000Z
35.548807, 136.918015, 2019-02-27T06:39:51.000Z
35.548800, 136.918015, 2019-02-27T06:39:52.000Z
35.548785, 136.918014, 2019-02-27T06:39:53.000Z
35.548763, 136.918014, 2019-02-27T06:39:54.000Z
35.548730, 136.918021, 2019-02-27T06:39:55.000Z
35.548700, 136.918036, 2019-02-27T06:39:56.000Z
35.548664, 136.918035, 2019-02-27T06:39:57.000Z
35.548619, 136.918034, 2019-02-27T06:39:58.000Z
35.548575, 136.918048, 2019-02-27T06:39:59.000Z
35.548520, 136.918055, 2019-02-27T06:40:00.000Z
35.548461, 136.918069, 2019-02-27T06:40:01.000Z
35.548398, 136.918075, 2019-02-27T06:40:02.000Z
35.548331, 136.918089, 2019-02-27T06:40:03.000Z
35.548261, 136.918095, 2019-02-27T06:40:04.000Z
35.548191, 136.918101, 2019-02-27T06:40:05.000Z
35.548118, 136.918115, 2019-02-27T06:40:06.000Z
35.547955, 136.918126, 2019-02-27T06:40:08.000Z
35.547451, 136.918153, 2019-02-27T06:40:13.000Z
35.540057, 136.916158, 2019-02-27T06:41:15.000Z
35.539991, 136.916094, 2019-02-27T06:41:16.000Z
35.539926, 136.916030, 2019-02-27T06:41:17.000Z
35.539872, 136.915974, 2019-02-27T06:41:18.000Z
35.539829, 136.915910, 2019-02-27T06:41:19.000Z
35.539778, 136.915863, 2019-02-27T06:41:20.000Z
35.539735, 136.915815, 2019-02-27T06:41:21.000Z
35.539702, 136.915775, 2019-02-27T06:41:22.000Z
35.539663, 136.915720, 2019-02-27T06:41:23.000Z
35.539630, 136.915680, 2019-02-27T06:41:24.000Z
35.539598, 136.915640, 2019-02-27T06:41:25.000Z
35.539572, 136.915616, 2019-02-27T06:41:26.000Z
35.539543, 136.915584, 2019-02-27T06:41:27.000Z
35.539518, 136.915560, 2019-02-27T06:41:28.000Z
35.539492, 136.915536, 2019-02-27T06:41:29.000Z
35.539471, 136.915520, 2019-02-27T06:41:30.000Z
35.539460, 136.915512, 2019-02-27T06:41:31.000Z
35.539456, 136.915504, 2019-02-27T06:41:32.000Z
35.539449, 136.915504, 2019-02-27T06:41:33.000Z
35.539441, 136.915503, 2019-02-27T06:41:34.000Z
35.539441, 136.915503, 2019-02-27T06:41:35.000Z
35.539434, 136.915503, 2019-02-27T06:41:36.000Z
35.539434, 136.915503, 2019-02-27T06:41:37.000Z
35.539434, 136.915503, 2019-02-27T06:41:38.000Z
35.539427, 136.915503, 2019-02-27T06:41:39.000Z
35.539427, 136.915503, 2019-02-27T06:41:40.000Z
35.539419, 136.915503, 2019-02-27T06:41:41.000Z
35.539419, 136.915503, 2019-02-27T06:41:42.000Z
35.539419, 136.915503, 2019-02-27T06:41:43.000Z
35.539419, 136.915503, 2019-02-27T06:41:44.000Z
35.539416, 136.915495, 2019-02-27T06:41:45.000Z
35.539408, 136.915495, 2019-02-27T06:41:46.000Z
35.539405, 136.915487, 2019-02-27T06:41:47.000Z
35.539383, 136.915471, 2019-02-27T06:41:48.000Z
35.539372, 136.915447, 2019-02-27T06:41:49.000Z
35.539350, 136.915431, 2019-02-27T06:41:50.000Z
35.539329, 136.915399, 2019-02-27T06:41:51.000Z
35.539296, 136.915359, 2019-02-27T06:41:52.000Z
35.539264, 136.915320, 2019-02-27T06:41:53.000Z
35.539221, 136.915272, 2019-02-27T06:41:54.000Z
35.539181, 136.915217, 2019-02-27T06:41:55.000Z
35.539134, 136.915161, 2019-02-27T06:41:56.000Z
35.539091, 136.915097, 2019-02-27T06:41:57.000Z
35.539040, 136.915034, 2019-02-27T06:41:58.000Z
35.538982, 136.914970, 2019-02-27T06:41:59.000Z
35.538863, 136.914819, 2019-02-27T06:42:01.000Z
35.538665, 136.914588, 2019-02-27T06:42:04.000Z
35.527932, 136.914403, 2019-02-27T06:43:28.000Z
35.527847, 136.914471, 2019-02-27T06:43:29.000Z
35.527768, 136.914539, 2019-02-27T06:43:30.000Z
35.527683, 136.914608, 2019-02-27T06:43:31.000Z
35.527608, 136.914684, 2019-02-27T06:43:32.000Z
35.527522, 136.914752, 2019-02-27T06:43:33.000Z
35.527447, 136.914813, 2019-02-27T06:43:34.000Z
35.527373, 136.914889, 2019-02-27T06:43:35.000Z
35.527298, 136.914950, 2019-02-27T06:43:36.000Z
35.527224, 136.915011, 2019-02-27T06:43:37.000Z
35.527160, 136.915080, 2019-02-27T06:43:38.000Z
35.527097, 136.915133, 2019-02-27T06:43:39.000Z
35.527033, 136.915186, 2019-02-27T06:43:40.000Z
35.526970, 136.915240, 2019-02-27T06:43:41.000Z
35.526914, 136.915293, 2019-02-27T06:43:42.000Z
35.526858, 136.915330, 2019-02-27T06:43:43.000Z
35.526817, 136.915369, 2019-02-27T06:43:44.000Z
35.526776, 136.915407, 2019-02-27T06:43:45.000Z
35.526735, 136.915445, 2019-02-27T06:43:46.000Z
35.526701, 136.915483, 2019-02-27T06:43:47.000Z
35.526668, 136.915506, 2019-02-27T06:43:48.000Z
35.526638, 136.915536, 2019-02-27T06:43:49.000Z
35.526615, 136.915551, 2019-02-27T06:43:50.000Z
35.526600, 136.915567, 2019-02-27T06:43:51.000Z
35.526589, 136.915590, 2019-02-27T06:43:52.000Z
35.526578, 136.915597, 2019-02-27T06:43:53.000Z
35.526578, 136.915597, 2019-02-27T06:43:54.000Z
35.526570, 136.915597, 2019-02-27T06:43:55.000Z
35.526567, 136.915605, 2019-02-27T06:43:56.000Z
35.526567, 136.915605, 2019-02-27T06:43:57.000Z
35.526567, 136.915605, 2019-02-27T06:43:58.000Z
35.526567, 136.915605, 2019-02-27T06:43:59.000Z
35.526567, 136.915605, 2019-02-27T06:44:00.000Z
35.526555, 136.915612, 2019-02-27T06:44:01.000Z
35.526555, 136.915612, 2019-02-27T06:44:02.000Z
35.526555, 136.915612, 2019-02-27T06:44:03.000Z
35.526555, 136.915612, 2019-02-27T06:44:04.000Z
35.526555, 136.915612, 2019-02-27T06:44:05.000Z
35.526555, 136.915612, 2019-02-27T06:44:06.000Z
35.526555, 136.915612, 2019-02-27T06:44:07.000Z
35.526544, 136.915620, 2019-02-27T06:44:08.000Z
35.526533, 136.915627, 2019-02-27T06:44:09.000Z
35.526518, 136.915642, 2019-02-27T06:44:10.000Z
35.526489, 136.915657, 2019-02-27T06:44:11.000Z
35.526466, 136.915672, 2019-02-27T06:44:12.000Z
35.526433, 136.915695, 2019-02-27T06:44:13.000Z
35.526399, 136.915733, 2019-02-27T06:44:14.000Z
35.526354, 136.915763, 2019-02-27T06:44:15.000Z
35.526302, 136.915809, 2019-02-27T06:44:16.000Z
35.526250, 136.915854, 2019-02-27T06:44:17.000Z
35.526186, 136.915908, 2019-02-27T06:44:18.000Z
35.526127, 136.915968, 2019-02-27T06:44:19.000Z
35.514425, 136.914802, 2019-02-27T06:45:54.000Z
35.514270, 136.914782, 2019-02-27T06:45:56.000Z
35.514201, 136.914773, 2019-02-27T06:45:57.000Z
35.514127, 136.914756, 2019-02-27T06:45:58.000Z
35.514058, 136.914746, 2019-02-27T06:45:59.000Z
35.513999, 136.914744, 2019-02-27T06:46:00.000Z
35.513936, 136.914735, 2019-02-27T06:46:01.000Z
35.513881, 136.914726, 2019-02-27T06:46:02.000Z
35.513826, 136.914717, 2019-02-27T06:46:03.000Z
35.513782, 136.914716, 2019-02-27T06:46:04.000Z
35.513745, 136.914715, 2019-02-27T06:46:05.000Z
35.513708, 136.914714, 2019-02-27T06:46:06.000Z
35.513683, 136.914705, 2019-02-27T06:46:07.000Z
35.513657, 136.914712, 2019-02-27T06:46:08.000Z
35.513642, 136.914711, 2019-02-27T06:46:09.000Z
35.513627, 136.914711, 2019-02-27T06:46:10.000Z
35.513613, 136.914710, 2019-02-27T06:46:11.000Z
35.513609, 136.914718, 2019-02-27T06:46:12.000Z
35.513609, 136.914718, 2019-02-27T06:46:13.000Z
35.513609, 136.914718, 2019-02-27T06:46:14.000Z
35.513605, 136.914725, 2019-02-27T06:46:15.000Z
35.513605, 136.914725, 2019-02-27T06:46:16.000Z
35.513601, 136.914717, 2019-02-27T06:46:17.000Z
35.513598, 136.914725, 2019-02-27T06:46:18.000Z
35.513598, 136.914725, 2019-02-27T06:46:19.000Z
35.513598, 136.914725, 2019-02-27T06:46:20.000Z
35.513605, 136.914725, 2019-02-27T06:46:21.000Z
35.513605, 136.914725, 2019-02-27T06:46:22.000Z
35.513605, 136.914725, 2019-02-27T06:46:23.000Z
35.513601, 136.914732, 2019-02-27T06:46:24.000Z
35.513601, 136.914732, 2019-02-27T06:46:25.000Z
35.513601, 136.914732, 2019-02-27T06:46:26.000Z
35.513601, 136.914732, 2019-02-27T06:46:27.000Z
35.513601, 136.914732, 2019-02-27T06:46:28.000Z
35.513586, 136.914732, 2019-02-27T06:46:29.000Z
35.513572, 136.914731, 2019-02-27T06:46:30.000Z
35.513553, 136.914723, 2019-02-27T06:46:31.000Z
35.513527, 136.914730, 2019-02-27T06:46:32.000Z
35.513494, 136.914722, 2019-02-27T06:46:33.000Z
35.513450, 136.914721, 2019-02-27T06:46:34.000Z
35.513406, 136.914720, 2019-02-27T06:46:35.000Z
